20:44:13.615 [main] INFO  api.tests.UserTests - Post User test case is started
20:44:17.761 [main] INFO  api.tests.UserTests - Post User test case is passed
20:44:17.775 [main] INFO  api.tests.UserTests - Get User test case is passed
20:44:19.401 [main] INFO  api.tests.UserTests - Get User test case is passed
20:44:19.406 [main] INFO  api.tests.UserTests - Update User test case is started
20:44:22.620 [main] INFO  api.tests.UserTests - Update User test case is passed
20:44:22.624 [main] INFO  api.tests.UserTests - Delete User test case is started
20:44:24.191 [main] INFO  api.tests.UserTests - Delete User test case is passed
21:06:47.023 [main] INFO  api.tests.UserTests - Post User test case is started
21:06:51.579 [main] INFO  api.tests.UserTests - Post User test case is passed
21:06:51.605 [main] INFO  api.tests.UserTests - Get User test case is passed
21:06:53.383 [main] INFO  api.tests.UserTests - Get User test case is passed
21:06:53.395 [main] INFO  api.tests.UserTests - Update User test case is started
21:06:56.094 [main] INFO  api.tests.UserTests - Update User test case is passed
21:06:56.106 [main] INFO  api.tests.UserTests - Delete User test case is started
21:06:57.550 [main] INFO  api.tests.UserTests - Delete User test case is passed
21:09:08.616 [main] INFO  api.tests.UserTests - Post User test case is started
21:09:12.743 [main] INFO  api.tests.UserTests - Post User test case is passed
21:09:12.766 [main] INFO  api.tests.UserTests - Get User test case is passed
21:09:14.139 [main] INFO  api.tests.UserTests - Get User test case is passed
21:09:14.147 [main] INFO  api.tests.UserTests - Update User test case is started
21:09:17.412 [main] INFO  api.tests.UserTests - Update User test case is passed
21:09:17.417 [main] INFO  api.tests.UserTests - Delete User test case is started
21:09:18.981 [main] INFO  api.tests.UserTests - Delete User test case is passed
21:12:46.250 [main] INFO  api.tests.UserTests - Post User test case is started
21:12:50.664 [main] INFO  api.tests.UserTests - Post User test case is passed
21:12:50.693 [main] INFO  api.tests.UserTests - Get User test case is passed
21:12:52.349 [main] INFO  api.tests.UserTests - Get User test case is passed
21:12:52.362 [main] INFO  api.tests.UserTests - Update User test case is started
21:12:55.432 [main] INFO  api.tests.UserTests - Update User test case is passed
21:12:55.437 [main] INFO  api.tests.UserTests - Delete User test case is started
21:12:56.713 [main] INFO  api.tests.UserTests - Delete User test case is passed
21:13:46.088 [main] INFO  api.tests.UserTests - Post User test case is started
21:13:50.059 [main] INFO  api.tests.UserTests - Post User test case is passed
21:13:50.077 [main] INFO  api.tests.UserTests - Get User test case is passed
21:13:51.983 [main] INFO  api.tests.UserTests - Get User test case is passed
21:13:51.999 [main] INFO  api.tests.UserTests - Update User test case is started
21:13:55.430 [main] INFO  api.tests.UserTests - Update User test case is passed
21:13:55.440 [main] INFO  api.tests.UserTests - Delete User test case is started
21:13:57.005 [main] INFO  api.tests.UserTests - Delete User test case is passed
21:18:10.332 [main] INFO  api.tests.UserTests - Post User test case is started
21:18:14.959 [main] INFO  api.tests.UserTests - Post User test case is passed
21:18:14.982 [main] INFO  api.tests.UserTests - Get User test case is passed
21:18:16.608 [main] INFO  api.tests.UserTests - Get User test case is passed
21:18:16.617 [main] INFO  api.tests.UserTests - Update User test case is started
21:18:19.846 [main] INFO  api.tests.UserTests - Update User test case is passed
21:18:19.853 [main] INFO  api.tests.UserTests - Delete User test case is started
21:18:21.568 [main] INFO  api.tests.UserTests - Delete User test case is passed
21:27:08.504 [main] INFO  api.tests.UserTests - Post User test case is started
21:27:12.853 [main] INFO  api.tests.UserTests - Post User test case is passed
21:27:12.880 [main] INFO  api.tests.UserTests - Get User test case is passed
21:27:14.359 [main] INFO  api.tests.UserTests - Get User test case is passed
21:27:14.364 [main] INFO  api.tests.UserTests - Update User test case is started
21:27:17.157 [main] INFO  api.tests.UserTests - Update User test case is passed
21:27:17.170 [main] INFO  api.tests.UserTests - Delete User test case is started
21:27:18.759 [main] INFO  api.tests.UserTests - Delete User test case is passed
21:28:47.505 [main] INFO  api.tests.UserTests - Post User test case is started
21:28:51.753 [main] INFO  api.tests.UserTests - Post User test case is passed
21:28:51.783 [main] INFO  api.tests.UserTests - Get User test case is passed
21:28:53.398 [main] INFO  api.tests.UserTests - Get User test case is passed
21:28:53.412 [main] INFO  api.tests.UserTests - Update User test case is started
21:28:56.634 [main] INFO  api.tests.UserTests - Update User test case is passed
21:28:56.639 [main] INFO  api.tests.UserTests - Delete User test case is started
21:28:58.193 [main] INFO  api.tests.UserTests - Delete User test case is passed
21:30:03.396 [main] INFO  api.tests.UserTests - Post User test case is started
21:30:07.707 [main] INFO  api.tests.UserTests - Post User test case is passed
21:30:07.732 [main] INFO  api.tests.UserTests - Get User test case is passed
21:30:09.771 [main] INFO  api.tests.UserTests - Get User test case is passed
21:30:09.776 [main] INFO  api.tests.UserTests - Update User test case is started
21:30:13.162 [main] INFO  api.tests.UserTests - Update User test case is passed
21:30:13.169 [main] INFO  api.tests.UserTests - Delete User test case is started
21:30:14.722 [main] INFO  api.tests.UserTests - Delete User test case is passed
21:32:34.928 [main] INFO  api.tests.UserTests - Post User test case is started
21:32:39.396 [main] INFO  api.tests.UserTests - Post User test case is passed
21:32:39.429 [main] INFO  api.tests.UserTests - Get User test case is passed
21:32:41.131 [main] INFO  api.tests.UserTests - Get User test case is passed
21:32:41.136 [main] INFO  api.tests.UserTests - Update User test case is started
21:32:44.392 [main] INFO  api.tests.UserTests - Update User test case is passed
21:32:44.400 [main] INFO  api.tests.UserTests - Delete User test case is started
21:32:46.090 [main] INFO  api.tests.UserTests - Delete User test case is passed
21:34:11.213 [main] INFO  api.tests.UserTests - Post User test case is started
21:34:15.593 [main] INFO  api.tests.UserTests - Post User test case is passed
21:34:15.623 [main] INFO  api.tests.UserTests - Get User test case is passed
21:34:17.257 [main] INFO  api.tests.UserTests - Get User test case is passed
21:34:17.266 [main] INFO  api.tests.UserTests - Update User test case is started
21:34:20.662 [main] INFO  api.tests.UserTests - Update User test case is passed
21:34:20.671 [main] INFO  api.tests.UserTests - Delete User test case is started
21:34:22.361 [main] INFO  api.tests.UserTests - Delete User test case is passed
09:33:34.546 [main] INFO  api.tests.UserTests - Post User test case is started
09:33:41.332 [main] INFO  api.tests.UserTests - Post User test case is passed
09:33:41.402 [main] INFO  api.tests.UserTests - Get User test case is passed
09:33:41.535 [main] INFO  api.tests.UserTests - Update User test case is started
09:33:41.611 [main] INFO  api.tests.UserTests - Delete User test case is started
09:34:24.781 [main] INFO  api.tests.UserTests - Post User test case is started
09:34:30.877 [main] INFO  api.tests.UserTests - Post User test case is passed
09:34:30.915 [main] INFO  api.tests.UserTests - Get User test case is passed
09:34:32.605 [main] INFO  api.tests.UserTests - Get User test case is passed
09:34:32.626 [main] INFO  api.tests.UserTests - Update User test case is started
09:34:36.203 [main] INFO  api.tests.UserTests - Update User test case is passed
09:34:36.213 [main] INFO  api.tests.UserTests - Delete User test case is started
09:34:37.914 [main] INFO  api.tests.UserTests - Delete User test case is passed
09:39:54.592 [main] INFO  api.tests.UserTests - Post User test case is started
09:40:00.455 [main] INFO  api.tests.UserTests - Post User test case is passed
09:40:00.494 [main] INFO  api.tests.UserTests - Get User test case is passed
09:40:02.224 [main] INFO  api.tests.UserTests - Get User test case is passed
09:40:02.229 [main] INFO  api.tests.UserTests - Update User test case is started
09:40:05.649 [main] INFO  api.tests.UserTests - Update User test case is passed
09:40:05.655 [main] INFO  api.tests.UserTests - Delete User test case is started
09:40:07.339 [main] INFO  api.tests.UserTests - Delete User test case is passed
09:52:46.313 [main] INFO  api.tests.UserTests - Post User test case is started
09:52:52.944 [main] INFO  api.tests.UserTests - Post User test case is passed
09:52:52.985 [main] INFO  api.tests.UserTests - Get User test case is passed
09:52:54.677 [main] INFO  api.tests.UserTests - Get User test case is passed
09:52:54.684 [main] INFO  api.tests.UserTests - Update User test case is started
09:52:58.127 [main] INFO  api.tests.UserTests - Update User test case is passed
09:52:58.147 [main] INFO  api.tests.UserTests - Delete User test case is started
09:52:59.781 [main] INFO  api.tests.UserTests - Delete User test case is passed
16:46:12.313 [main] INFO  api.tests.UserTests - Post User test case is started
16:46:18.353 [main] INFO  api.tests.UserTests - Post User test case is passed
16:46:18.402 [main] INFO  api.tests.UserTests - Get User test case is passed
16:46:20.023 [main] INFO  api.tests.UserTests - Get User test case is passed
16:46:20.027 [main] INFO  api.tests.UserTests - Update User test case is started
16:46:23.345 [main] INFO  api.tests.UserTests - Update User test case is passed
16:46:23.360 [main] INFO  api.tests.UserTests - Delete User test case is started
16:46:24.987 [main] INFO  api.tests.UserTests - Delete User test case is passed
16:46:46.879 [main] INFO  api.tests.UserTests - Post User test case is started
16:46:53.059 [main] INFO  api.tests.UserTests - Post User test case is passed
16:46:53.097 [main] INFO  api.tests.UserTests - Get User test case is passed
16:46:54.793 [main] INFO  api.tests.UserTests - Get User test case is passed
16:46:54.809 [main] INFO  api.tests.UserTests - Update User test case is started
16:46:58.365 [main] INFO  api.tests.UserTests - Update User test case is passed
16:46:58.383 [main] INFO  api.tests.UserTests - Delete User test case is started
16:47:00.068 [main] INFO  api.tests.UserTests - Delete User test case is passed
